# JRE version: Java(TM) SE Runtime Environment (7.0_80-b15) (build 1.7.0_80-b15)
# Java VM: Java HotSpot(TM) 64-Bit Server VM (24.80-b11 mixed mode linux-amd64 compressed oops)
Heap
 def new generation   total 4736K, used 342K [0x00000000eb600000, 0x00000000ebb20000, 0x00000000f08a0000)
  eden space 4224K,   2% used [0x00000000eb600000, 0x00000000eb6159b0, 0x00000000eba20000)
  from space 512K,  49% used [0x00000000eba20000, 0x00000000eba5fe68, 0x00000000ebaa0000)
  to   space 512K,   0% used [0x00000000ebaa0000, 0x00000000ebaa0000, 0x00000000ebb20000)
 tenured generation   total 10560K, used 9920K [0x00000000f08a0000, 0x00000000f12f0000, 0x00000000fae00000)
   the space 10560K,  93% used [0x00000000f08a0000, 0x00000000f12503d0, 0x00000000f1250400, 0x00000000f12f0000)
 compacting perm gen  total 21248K, used 18632K [0x00000000fae00000, 0x00000000fc2c0000, 0x0000000100000000)
   the space 21248K,  87% used [0x00000000fae00000, 0x00000000fc032060, 0x00000000fc032200, 0x00000000fc2c0000)
GC Heap History (10 events):
Event: 4057.317 GC heap before
{Heap before GC invocations=83 (full 0):
 def new generation   total 4736K, used 4484K [0x00000000eb600000, 0x00000000ebb20000, 0x00000000f08a0000)
  eden space 4224K, 100% used [0x00000000eb600000, 0x00000000eba20000, 0x00000000eba20000)
  from space 512K,  50% used [0x00000000ebaa0000, 0x00000000ebae1170, 0x00000000ebb20000)
  to   space 512K,   0% used [0x00000000eba20000, 0x00000000eba20000, 0x00000000ebaa0000)
 tenured generation   total 10560K, used 9816K [0x00000000f08a0000, 0x00000000f12f0000, 0x00000000fae00000)
   the space 10560K,  92% used [0x00000000f08a0000, 0x00000000f12360a8, 0x00000000f1236200, 0x00000000f12f0000)
 compacting perm gen  total 21248K, used 18498K [0x00000000fae00000, 0x00000000fc2c0000, 0x0000000100000000)
   the space 21248K,  87% used [0x00000000fae00000, 0x00000000fc010898, 0x00000000fc010a00, 0x00000000fc2c0000)
No shared spaces configured.
Event: 4057.319 GC heap after
Heap after GC invocations=84 (full 0):
 def new generation   total 4736K, used 261K [0x00000000eb600000, 0x00000000ebb20000, 0x00000000f08a0000)
  eden space 4224K,   0% used [0x00000000eb600000, 0x00000000eb600000, 0x00000000eba20000)
  from space 512K,  51% used [0x00000000eba20000, 0x00000000eba61798, 0x00000000ebaa0000)
  to   space 512K,   0% used [0x00000000ebaa0000, 0x00000000ebaa0000, 0x00000000ebb20000)
 tenured generation   total 10560K, used 9831K [0x00000000f08a0000, 0x00000000f12f0000, 0x00000000fae00000)
   the space 10560K,  93% used [0x00000000f08a0000, 0x00000000f1239c28, 0x00000000f1239e00, 0x00000000f12f0000)
 compacting perm gen  total 21248K, used 18498K [0x00000000fae00000, 0x00000000fc2c0000, 0x0000000100000000)
   the space 21248K,  87% used [0x00000000fae00000, 0x00000000fc010898, 0x00000000fc010a00, 0x00000000fc2c0000)
No shared spaces configured.
}
Event: 4114.572 GC heap before
{Heap before GC invocations=84 (full 0):
 def new generation   total 4736K, used 4485K [0x00000000eb600000, 0x00000000ebb20000, 0x00000000f08a0000)
  eden space 4224K, 100% used [0x00000000eb600000, 0x00000000eba20000, 0x00000000eba20000)
  from space 512K,  51% used [0x00000000eba20000, 0x00000000eba61798, 0x00000000ebaa0000)
  to   space 512K,   0% used [0x00000000ebaa0000, 0x00000000ebaa0000, 0x00000000ebb20000)
 tenured generation   total 10560K, used 9831K [0x00000000f08a0000, 0x00000000f12f0000, 0x00000000fae00000)
   the space 10560K,  93% used [0x00000000f08a0000, 0x00000000f1239c28, 0x00000000f1239e00, 0x00000000f12f0000)
 compacting perm gen  total 21248K, used 18498K [0x00000000fae00000, 0x00000000fc2c0000, 0x0000000100000000)
   the space 21248K,  87% used [0x00000000fae00000, 0x00000000fc010898, 0x00000000fc010a00, 0x00000000fc2c0000)
No shared spaces configured.
Event: 4114.574 GC heap after
Heap after GC invocations=85 (full 0):
 def new generation   total 4736K, used 259K [0x00000000eb600000, 0x00000000ebb20000, 0x00000000f08a0000)
  eden space 4224K,   0% used [0x00000000eb600000, 0x00000000eb600000, 0x00000000eba20000)
  from space 512K,  50% used [0x00000000ebaa0000, 0x00000000ebae0e80, 0x00000000ebb20000)
  to   space 512K,   0% used [0x00000000eba20000, 0x00000000eba20000, 0x00000000ebaa0000)
 tenured generation   total 10560K, used 9845K [0x00000000f08a0000, 0x00000000f12f0000, 0x00000000fae00000)
   the space 10560K,  93% used [0x00000000f08a0000, 0x00000000f123d690, 0x00000000f123d800, 0x00000000f12f0000)
 compacting perm gen  total 21248K, used 18498K [0x00000000fae00000, 0x00000000fc2c0000, 0x0000000100000000)
   the space 21248K,  87% used [0x00000000fae00000, 0x00000000fc010898, 0x00000000fc010a00, 0x00000000fc2c0000)
No shared spaces configured.
}
Event: 4170.980 GC heap before
{Heap before GC invocations=85 (full 0):
 def new generation   total 4736K, used 4483K [0x00000000eb600000, 0x00000000ebb20000, 0x00000000f08a0000)
  eden space 4224K, 100% used [0x00000000eb600000, 0x00000000eba20000, 0x00000000eba20000)
  from space 512K,  50% used [0x00000000ebaa0000, 0x00000000ebae0e80, 0x00000000ebb20000)
  to   space 512K,   0% used [0x00000000eba20000, 0x00000000eba20000, 0x00000000ebaa0000)
 tenured generation   total 10560K, used 9845K [0x00000000f08a0000, 0x00000000f12f0000, 0x00000000fae00000)
   the space 10560K,  93% used [0x00000000f08a0000, 0x00000000f123d690, 0x00000000f123d800, 0x00000000f12f0000)
 compacting perm gen  total 21248K, used 18498K [0x00000000fae00000, 0x00000000fc2c0000, 0x0000000100000000)
   the space 21248K,  87% used [0x00000000fae00000, 0x00000000fc0108b8, 0x00000000fc010a00, 0x00000000fc2c0000)
No shared spaces configured.
Event: 4170.982 GC heap after
Heap after GC invocations=86 (full 0):
 def new generation   total 4736K, used 256K [0x00000000eb600000, 0x00000000ebb20000, 0x00000000f08a0000)
  eden space 4224K,   0% used [0x00000000eb600000, 0x00000000eb600000, 0x00000000eba20000)
  from space 512K,  50% used [0x00000000eba20000, 0x00000000eba60240, 0x00000000ebaa0000)
  to   space 512K,   0% used [0x00000000ebaa0000, 0x00000000ebaa0000, 0x00000000ebb20000)
 tenured generation   total 10560K, used 9860K [0x00000000f08a0000, 0x00000000f12f0000, 0x00000000fae00000)
   the space 10560K,  93% used [0x00000000f08a0000, 0x00000000f1241110, 0x00000000f1241200, 0x00000000f12f0000)
 compacting perm gen  total 21248K, used 18498K [0x00000000fae00000, 0x00000000fc2c0000, 0x0000000100000000)
   the space 21248K,  87% used [0x00000000fae00000, 0x00000000fc0108b8, 0x00000000fc010a00, 0x00000000fc2c0000)
No shared spaces configured.
}
Event: 4223.493 GC heap before
{Heap before GC invocations=86 (full 0):
 def new generation   total 4736K, used 4480K [0x00000000eb600000, 0x00000000ebb20000, 0x00000000f08a0000)
  eden space 4224K, 100% used [0x00000000eb600000, 0x00000000eba20000, 0x00000000eba20000)
  from space 512K,  50% used [0x00000000eba20000, 0x00000000eba60240, 0x00000000ebaa0000)
  to   space 512K,   0% used [0x00000000ebaa0000, 0x00000000ebaa0000, 0x00000000ebb20000)
 tenured generation   total 10560K, used 9860K [0x00000000f08a0000, 0x00000000f12f0000, 0x00000000fae00000)
   the space 10560K,  93% used [0x00000000f08a0000, 0x00000000f1241110, 0x00000000f1241200, 0x00000000f12f0000)
 compacting perm gen  total 21248K, used 18498K [0x00000000fae00000, 0x00000000fc2c0000, 0x0000000100000000)
   the space 21248K,  87% used [0x00000000fae00000, 0x00000000fc0108b8, 0x00000000fc010a00, 0x00000000fc2c0000)
No shared spaces configured.
Event: 4223.497 GC heap after
Heap after GC invocations=87 (full 0):
 def new generation   total 4736K, used 285K [0x00000000eb600000, 0x00000000ebb20000, 0x00000000f08a0000)
  eden space 4224K,   0% used [0x00000000eb600000, 0x00000000eb600000, 0x00000000eba20000)
  from space 512K,  55% used [0x00000000ebaa0000, 0x00000000ebae7590, 0x00000000ebb20000)
  to   space 512K,   0% used [0x00000000eba20000, 0x00000000eba20000, 0x00000000ebaa0000)
 tenured generation   total 10560K, used 9875K [0x00000000f08a0000, 0x00000000f12f0000, 0x00000000fae00000)
   the space 10560K,  93% used [0x00000000f08a0000, 0x00000000f1244e08, 0x00000000f1245000, 0x00000000f12f0000)
 compacting perm gen  total 21248K, used 18498K [0x00000000fae00000, 0x00000000fc2c0000, 0x0000000100000000)
   the space 21248K,  87% used [0x00000000fae00000, 0x00000000fc0108b8, 0x00000000fc010a00, 0x00000000fc2c0000)
No shared spaces configured.
}
Event: 282805.985 GC heap before
{Heap before GC invocations=87 (full 0):
 def new generation   total 4736K, used 4509K [0x00000000eb600000, 0x00000000ebb20000, 0x00000000f08a0000)
  eden space 4224K, 100% used [0x00000000eb600000, 0x00000000eba20000, 0x00000000eba20000)
  from space 512K,  55% used [0x00000000ebaa0000, 0x00000000ebae7590, 0x00000000ebb20000)
  to   space 512K,   0% used [0x00000000eba20000, 0x00000000eba20000, 0x00000000ebaa0000)
 tenured generation   total 10560K, used 9875K [0x00000000f08a0000, 0x00000000f12f0000, 0x00000000fae00000)
   the space 10560K,  93% used [0x00000000f08a0000, 0x00000000f1244e08, 0x00000000f1245000, 0x00000000f12f0000)
 compacting perm gen  total 21248K, used 18632K [0x00000000fae00000, 0x00000000fc2c0000, 0x0000000100000000)
   the space 21248K,  87% used [0x00000000fae00000, 0x00000000fc032060, 0x00000000fc032200, 0x00000000fc2c0000)
No shared spaces configured.
Event: 282806.007 GC heap after
Heap after GC invocations=88 (full 0):
 def new generation   total 4736K, used 255K [0x00000000eb600000, 0x00000000ebb20000, 0x00000000f08a0000)
  eden space 4224K,   0% used [0x00000000eb600000, 0x00000000eb600000, 0x00000000eba20000)
  from space 512K,  49% used [0x00000000eba20000, 0x00000000eba5fe68, 0x00000000ebaa0000)
  to   space 512K,   0% used [0x00000000ebaa0000, 0x00000000ebaa0000, 0x00000000ebb20000)
 tenured generation   total 10560K, used 9920K [0x00000000f08a0000, 0x00000000f12f0000, 0x00000000fae00000)
   the space 10560K,  93% used [0x00000000f08a0000, 0x00000000f12503d0, 0x00000000f1250400, 0x00000000f12f0000)
 compacting perm gen  total 21248K, used 18632K [0x00000000fae00000, 0x00000000fc2c0000, 0x0000000100000000)
   the space 21248K,  87% used [0x00000000fae00000, 0x00000000fc032060, 0x00000000fc032200, 0x00000000fc2c0000)
No shared spaces configured.
}

